-------------------------------------------------------------------------------
Test set: com.examly.springapp.SpringappApplicationTests
-------------------------------------------------------------------------------
Tests run: 23, Failures: 0, Errors: 23, Skipped: 0, Time elapsed: 9.242 s <<< FAILURE! - in com.examly.springapp.SpringappApplicationTests
com.examly.springapp.SpringappApplicationTests.test_CorsConfiguration_Has_Configuration_Annotation  Time elapsed: 0.004 s  <<< ERROR!
java.lang.IllegalStateException: Failed to load ApplicationContext
Caused by: org.springframework.beans.factory.BeanCreationException: 
Error creating bean with name 'requestMappingHandlerMapping' defined in class path resource [org/springframework/boot/autoconfigure/web/servlet/WebMvcAutoConfiguration$EnableWebMvcConfiguration.class]: Invocation of init method failed; nested exception is java.lang.IllegalStateException: Ambiguous mapping. Cannot map 'apiController' method 
com.examly.springapp.controller.ApiController#addPlayer(Player)
to {POST [/addPlayer]}: There is already 'playerController' bean method
com.examly.springapp.PlayerController#addPlayer(Map) mapped.
Caused by: java.lang.IllegalStateException: 
Ambiguous mapping. Cannot map 'apiController' method 
com.examly.springapp.controller.ApiController#addPlayer(Player)
to {POST [/addPlayer]}: There is already 'playerController' bean method
com.examly.springapp.PlayerController#addPlayer(Map) mapped.

com.examly.springapp.SpringappApplicationTests.test_Repository_Folder_Exists  Time elapsed: 0 s  <<< ERROR!
java.lang.IllegalStateException: Failed to load ApplicationContext
Caused by: org.springframework.beans.factory.BeanCreationException: 
Error creating bean with name 'requestMappingHandlerMapping' defined in class path resource [org/springframework/boot/autoconfigure/web/servlet/WebMvcAutoConfiguration$EnableWebMvcConfiguration.class]: Invocation of init method failed; nested exception is java.lang.IllegalStateException: Ambiguous mapping. Cannot map 'apiController' method 
com.examly.springapp.controller.ApiController#addPlayer(Player)
to {POST [/addPlayer]}: There is already 'playerController' bean method
com.examly.springapp.PlayerController#addPlayer(Map) mapped.
Caused by: java.lang.IllegalStateException: 
Ambiguous mapping. Cannot map 'apiController' method 
com.examly.springapp.controller.ApiController#addPlayer(Player)
to {POST [/addPlayer]}: There is already 'playerController' bean method
com.examly.springapp.PlayerController#addPlayer(Map) mapped.

com.examly.springapp.SpringappApplicationTests.test_PlayerModel_Class_Exists  Time elapsed: 0 s  <<< ERROR!
java.lang.IllegalStateException: Failed to load ApplicationContext
Caused by: org.springframework.beans.factory.BeanCreationException: 
Error creating bean with name 'requestMappingHandlerMapping' defined in class path resource [org/springframework/boot/autoconfigure/web/servlet/WebMvcAutoConfiguration$EnableWebMvcConfiguration.class]: Invocation of init method failed; nested exception is java.lang.IllegalStateException: Ambiguous mapping. Cannot map 'apiController' method 
com.examly.springapp.controller.ApiController#addPlayer(Player)
to {POST [/addPlayer]}: There is already 'playerController' bean method
com.examly.springapp.PlayerController#addPlayer(Map) mapped.
Caused by: java.lang.IllegalStateException: 
Ambiguous mapping. Cannot map 'apiController' method 
com.examly.springapp.controller.ApiController#addPlayer(Player)
to {POST [/addPlayer]}: There is already 'playerController' bean method
com.examly.springapp.PlayerController#addPlayer(Map) mapped.

com.examly.springapp.SpringappApplicationTests.test_Service_Folder_Exists  Time elapsed: 0 s  <<< ERROR!
java.lang.IllegalStateException: Failed to load ApplicationContext
Caused by: org.springframework.beans.factory.BeanCreationException: 
Error creating bean with name 'requestMappingHandlerMapping' defined in class path resource [org/springframework/boot/autoconfigure/web/servlet/WebMvcAutoConfiguration$EnableWebMvcConfiguration.class]: Invocation of init method failed; nested exception is java.lang.IllegalStateException: Ambiguous mapping. Cannot map 'apiController' method 
com.examly.springapp.controller.ApiController#addPlayer(Player)
to {POST [/addPlayer]}: There is already 'playerController' bean method
com.examly.springapp.PlayerController#addPlayer(Map) mapped.
Caused by: java.lang.IllegalStateException: 
Ambiguous mapping. Cannot map 'apiController' method 
com.examly.springapp.controller.ApiController#addPlayer(Player)
to {POST [/addPlayer]}: There is already 'playerController' bean method
com.examly.springapp.PlayerController#addPlayer(Map) mapped.

com.examly.springapp.SpringappApplicationTests.testaddPlayer  Time elapsed: 0 s  <<< ERROR!
java.lang.IllegalStateException: Failed to load ApplicationContext
Caused by: org.springframework.beans.factory.BeanCreationException: 
Error creating bean with name 'requestMappingHandlerMapping' defined in class path resource [org/springframework/boot/autoconfigure/web/servlet/WebMvcAutoConfiguration$EnableWebMvcConfiguration.class]: Invocation of init method failed; nested exception is java.lang.IllegalStateException: Ambiguous mapping. Cannot map 'apiController' method 
com.examly.springapp.controller.ApiController#addPlayer(Player)
to {POST [/addPlayer]}: There is already 'playerController' bean method
com.examly.springapp.PlayerController#addPlayer(Map) mapped.
Caused by: java.lang.IllegalStateException: 
Ambiguous mapping. Cannot map 'apiController' method 
com.examly.springapp.controller.ApiController#addPlayer(Player)
to {POST [/addPlayer]}: There is already 'playerController' bean method
com.examly.springapp.PlayerController#addPlayer(Map) mapped.

com.examly.springapp.SpringappApplicationTests.test_Player_File_Exists  Time elapsed: 0 s  <<< ERROR!
java.lang.IllegalStateException: Failed to load ApplicationContext
Caused by: org.springframework.beans.factory.BeanCreationException: 
Error creating bean with name 'requestMappingHandlerMapping' defined in class path resource [org/springframework/boot/autoconfigure/web/servlet/WebMvcAutoConfiguration$EnableWebMvcConfiguration.class]: Invocation of init method failed; nested exception is java.lang.IllegalStateException: Ambiguous mapping. Cannot map 'apiController' method 
com.examly.springapp.controller.ApiController#addPlayer(Player)
to {POST [/addPlayer]}: There is already 'playerController' bean method
com.examly.springapp.PlayerController#addPlayer(Map) mapped.
Caused by: java.lang.IllegalStateException: 
Ambiguous mapping. Cannot map 'apiController' method 
com.examly.springapp.controller.ApiController#addPlayer(Player)
to {POST [/addPlayer]}: There is already 'playerController' bean method
com.examly.springapp.PlayerController#addPlayer(Map) mapped.

com.examly.springapp.SpringappApplicationTests.test_ApiController_Class_Exists  Time elapsed: 0 s  <<< ERROR!
java.lang.IllegalStateException: Failed to load ApplicationContext
Caused by: org.springframework.beans.factory.BeanCreationException: 
Error creating bean with name 'requestMappingHandlerMapping' defined in class path resource [org/springframework/boot/autoconfigure/web/servlet/WebMvcAutoConfiguration$EnableWebMvcConfiguration.class]: Invocation of init method failed; nested exception is java.lang.IllegalStateException: Ambiguous mapping. Cannot map 'apiController' method 
com.examly.springapp.controller.ApiController#addPlayer(Player)
to {POST [/addPlayer]}: There is already 'playerController' bean method
com.examly.springapp.PlayerController#addPlayer(Map) mapped.
Caused by: java.lang.IllegalStateException: 
Ambiguous mapping. Cannot map 'apiController' method 
com.examly.springapp.controller.ApiController#addPlayer(Player)
to {POST [/addPlayer]}: There is already 'playerController' bean method
com.examly.springapp.PlayerController#addPlayer(Map) mapped.

com.examly.springapp.SpringappApplicationTests.test_PlayerService_Class_Exists  Time elapsed: 0 s  <<< ERROR!
java.lang.IllegalStateException: Failed to load ApplicationContext
Caused by: org.springframework.beans.factory.BeanCreationException: 
Error creating bean with name 'requestMappingHandlerMapping' defined in class path resource [org/springframework/boot/autoconfigure/web/servlet/WebMvcAutoConfiguration$EnableWebMvcConfiguration.class]: Invocation of init method failed; nested exception is java.lang.IllegalStateException: Ambiguous mapping. Cannot map 'apiController' method 
com.examly.springapp.controller.ApiController#addPlayer(Player)
to {POST [/addPlayer]}: There is already 'playerController' bean method
com.examly.springapp.PlayerController#addPlayer(Map) mapped.
Caused by: java.lang.IllegalStateException: 
Ambiguous mapping. Cannot map 'apiController' method 
com.examly.springapp.controller.ApiController#addPlayer(Player)
to {POST [/addPlayer]}: There is already 'playerController' bean method
com.examly.springapp.PlayerController#addPlayer(Map) mapped.

com.examly.springapp.SpringappApplicationTests.test_Player_Model_Has_playerType_Field  Time elapsed: 0.001 s  <<< ERROR!
java.lang.IllegalStateException: Failed to load ApplicationContext
Caused by: org.springframework.beans.factory.BeanCreationException: 
Error creating bean with name 'requestMappingHandlerMapping' defined in class path resource [org/springframework/boot/autoconfigure/web/servlet/WebMvcAutoConfiguration$EnableWebMvcConfiguration.class]: Invocation of init method failed; nested exception is java.lang.IllegalStateException: Ambiguous mapping. Cannot map 'apiController' method 
com.examly.springapp.controller.ApiController#addPlayer(Player)
to {POST [/addPlayer]}: There is already 'playerController' bean method
com.examly.springapp.PlayerController#addPlayer(Map) mapped.
Caused by: java.lang.IllegalStateException: 
Ambiguous mapping. Cannot map 'apiController' method 
com.examly.springapp.controller.ApiController#addPlayer(Player)
to {POST [/addPlayer]}: There is already 'playerController' bean method
com.examly.springapp.PlayerController#addPlayer(Map) mapped.

com.examly.springapp.SpringappApplicationTests.test_configuration_Folder_Exists  Time elapsed: 0 s  <<< ERROR!
java.lang.IllegalStateException: Failed to load ApplicationContext
Caused by: org.springframework.beans.factory.BeanCreationException: 
Error creating bean with name 'requestMappingHandlerMapping' defined in class path resource [org/springframework/boot/autoconfigure/web/servlet/WebMvcAutoConfiguration$EnableWebMvcConfiguration.class]: Invocation of init method failed; nested exception is java.lang.IllegalStateException: Ambiguous mapping. Cannot map 'apiController' method 
com.examly.springapp.controller.ApiController#addPlayer(Player)
to {POST [/addPlayer]}: There is already 'playerController' bean method
com.examly.springapp.PlayerController#addPlayer(Map) mapped.
Caused by: java.lang.IllegalStateException: 
Ambiguous mapping. Cannot map 'apiController' method 
com.examly.springapp.controller.ApiController#addPlayer(Player)
to {POST [/addPlayer]}: There is already 'playerController' bean method
com.examly.springapp.PlayerController#addPlayer(Map) mapped.

com.examly.springapp.SpringappApplicationTests.test_CorsConfiguration_Class_Exists  Time elapsed: 0.001 s  <<< ERROR!
java.lang.IllegalStateException: Failed to load ApplicationContext
Caused by: org.springframework.beans.factory.BeanCreationException: 
Error creating bean with name 'requestMappingHandlerMapping' defined in class path resource [org/springframework/boot/autoconfigure/web/servlet/WebMvcAutoConfiguration$EnableWebMvcConfiguration.class]: Invocation of init method failed; nested exception is java.lang.IllegalStateException: Ambiguous mapping. Cannot map 'apiController' method 
com.examly.springapp.controller.ApiController#addPlayer(Player)
to {POST [/addPlayer]}: There is already 'playerController' bean method
com.examly.springapp.PlayerController#addPlayer(Map) mapped.
Caused by: java.lang.IllegalStateException: 
Ambiguous mapping. Cannot map 'apiController' method 
com.examly.springapp.controller.ApiController#addPlayer(Player)
to {POST [/addPlayer]}: There is already 'playerController' bean method
com.examly.springapp.PlayerController#addPlayer(Map) mapped.

com.examly.springapp.SpringappApplicationTests.testgetAllPlayer  Time elapsed: 0 s  <<< ERROR!
java.lang.IllegalStateException: Failed to load ApplicationContext
Caused by: org.springframework.beans.factory.BeanCreationException: 
Error creating bean with name 'requestMappingHandlerMapping' defined in class path resource [org/springframework/boot/autoconfigure/web/servlet/WebMvcAutoConfiguration$EnableWebMvcConfiguration.class]: Invocation of init method failed; nested exception is java.lang.IllegalStateException: Ambiguous mapping. Cannot map 'apiController' method 
com.examly.springapp.controller.ApiController#addPlayer(Player)
to {POST [/addPlayer]}: There is already 'playerController' bean method
com.examly.springapp.PlayerController#addPlayer(Map) mapped.
Caused by: java.lang.IllegalStateException: 
Ambiguous mapping. Cannot map 'apiController' method 
com.examly.springapp.controller.ApiController#addPlayer(Player)
to {POST [/addPlayer]}: There is already 'playerController' bean method
com.examly.springapp.PlayerController#addPlayer(Map) mapped.

com.examly.springapp.SpringappApplicationTests.test_model_Directory_Exists  Time elapsed: 0.001 s  <<< ERROR!
java.lang.IllegalStateException: Failed to load ApplicationContext
Caused by: org.springframework.beans.factory.BeanCreationException: 
Error creating bean with name 'requestMappingHandlerMapping' defined in class path resource [org/springframework/boot/autoconfigure/web/servlet/WebMvcAutoConfiguration$EnableWebMvcConfiguration.class]: Invocation of init method failed; nested exception is java.lang.IllegalStateException: Ambiguous mapping. Cannot map 'apiController' method 
com.examly.springapp.controller.ApiController#addPlayer(Player)
to {POST [/addPlayer]}: There is already 'playerController' bean method
com.examly.springapp.PlayerController#addPlayer(Map) mapped.
Caused by: java.lang.IllegalStateException: 
Ambiguous mapping. Cannot map 'apiController' method 
com.examly.springapp.controller.ApiController#addPlayer(Player)
to {POST [/addPlayer]}: There is already 'playerController' bean method
com.examly.springapp.PlayerController#addPlayer(Map) mapped.

com.examly.springapp.SpringappApplicationTests.test_Player_Model_Has_playerName_Field  Time elapsed: 0 s  <<< ERROR!
java.lang.IllegalStateException: Failed to load ApplicationContext
Caused by: org.springframework.beans.factory.BeanCreationException: 
Error creating bean with name 'requestMappingHandlerMapping' defined in class path resource [org/springframework/boot/autoconfigure/web/servlet/WebMvcAutoConfiguration$EnableWebMvcConfiguration.class]: Invocation of init method failed; nested exception is java.lang.IllegalStateException: Ambiguous mapping. Cannot map 'apiController' method 
com.examly.springapp.controller.ApiController#addPlayer(Player)
to {POST [/addPlayer]}: There is already 'playerController' bean method
com.examly.springapp.PlayerController#addPlayer(Map) mapped.
Caused by: java.lang.IllegalStateException: 
Ambiguous mapping. Cannot map 'apiController' method 
com.examly.springapp.controller.ApiController#addPlayer(Player)
to {POST [/addPlayer]}: There is already 'playerController' bean method
com.examly.springapp.PlayerController#addPlayer(Map) mapped.

com.examly.springapp.SpringappApplicationTests.test_Player_Model_Has_playedIn_Field  Time elapsed: 0 s  <<< ERROR!
java.lang.IllegalStateException: Failed to load ApplicationContext
Caused by: org.springframework.beans.factory.BeanCreationException: 
Error creating bean with name 'requestMappingHandlerMapping' defined in class path resource [org/springframework/boot/autoconfigure/web/servlet/WebMvcAutoConfiguration$EnableWebMvcConfiguration.class]: Invocation of init method failed; nested exception is java.lang.IllegalStateException: Ambiguous mapping. Cannot map 'apiController' method 
com.examly.springapp.controller.ApiController#addPlayer(Player)
to {POST [/addPlayer]}: There is already 'playerController' bean method
com.examly.springapp.PlayerController#addPlayer(Map) mapped.
Caused by: java.lang.IllegalStateException: 
Ambiguous mapping. Cannot map 'apiController' method 
com.examly.springapp.controller.ApiController#addPlayer(Player)
to {POST [/addPlayer]}: There is already 'playerController' bean method
com.examly.springapp.PlayerController#addPlayer(Map) mapped.

com.examly.springapp.SpringappApplicationTests.test_Player_Model_Has_lastPlayedFor_Field  Time elapsed: 0 s  <<< ERROR!
java.lang.IllegalStateException: Failed to load ApplicationContext
Caused by: org.springframework.beans.factory.BeanCreationException: 
Error creating bean with name 'requestMappingHandlerMapping' defined in class path resource [org/springframework/boot/autoconfigure/web/servlet/WebMvcAutoConfiguration$EnableWebMvcConfiguration.class]: Invocation of init method failed; nested exception is java.lang.IllegalStateException: Ambiguous mapping. Cannot map 'apiController' method 
com.examly.springapp.controller.ApiController#addPlayer(Player)
to {POST [/addPlayer]}: There is already 'playerController' bean method
com.examly.springapp.PlayerController#addPlayer(Map) mapped.
Caused by: java.lang.IllegalStateException: 
Ambiguous mapping. Cannot map 'apiController' method 
com.examly.springapp.controller.ApiController#addPlayer(Player)
to {POST [/addPlayer]}: There is already 'playerController' bean method
com.examly.springapp.PlayerController#addPlayer(Map) mapped.

com.examly.springapp.SpringappApplicationTests.test_Player_Model_Has_playerId_Field  Time elapsed: 0 s  <<< ERROR!
java.lang.IllegalStateException: Failed to load ApplicationContext
Caused by: org.springframework.beans.factory.BeanCreationException: 
Error creating bean with name 'requestMappingHandlerMapping' defined in class path resource [org/springframework/boot/autoconfigure/web/servlet/WebMvcAutoConfiguration$EnableWebMvcConfiguration.class]: Invocation of init method failed; nested exception is java.lang.IllegalStateException: Ambiguous mapping. Cannot map 'apiController' method 
com.examly.springapp.controller.ApiController#addPlayer(Player)
to {POST [/addPlayer]}: There is already 'playerController' bean method
com.examly.springapp.PlayerController#addPlayer(Map) mapped.
Caused by: java.lang.IllegalStateException: 
Ambiguous mapping. Cannot map 'apiController' method 
com.examly.springapp.controller.ApiController#addPlayer(Player)
to {POST [/addPlayer]}: There is already 'playerController' bean method
com.examly.springapp.PlayerController#addPlayer(Map) mapped.

com.examly.springapp.SpringappApplicationTests.test_Controller_Directory_Exists  Time elapsed: 0 s  <<< ERROR!
java.lang.IllegalStateException: Failed to load ApplicationContext
Caused by: org.springframework.beans.factory.BeanCreationException: 
Error creating bean with name 'requestMappingHandlerMapping' defined in class path resource [org/springframework/boot/autoconfigure/web/servlet/WebMvcAutoConfiguration$EnableWebMvcConfiguration.class]: Invocation of init method failed; nested exception is java.lang.IllegalStateException: Ambiguous mapping. Cannot map 'apiController' method 
com.examly.springapp.controller.ApiController#addPlayer(Player)
to {POST [/addPlayer]}: There is already 'playerController' bean method
com.examly.springapp.PlayerController#addPlayer(Map) mapped.
Caused by: java.lang.IllegalStateException: 
Ambiguous mapping. Cannot map 'apiController' method 
com.examly.springapp.controller.ApiController#addPlayer(Player)
to {POST [/addPlayer]}: There is already 'playerController' bean method
com.examly.springapp.PlayerController#addPlayer(Map) mapped.

com.examly.springapp.SpringappApplicationTests.test_PlayerRepo_Class_Exists  Time elapsed: 0 s  <<< ERROR!
java.lang.IllegalStateException: Failed to load ApplicationContext
Caused by: org.springframework.beans.factory.BeanCreationException: 
Error creating bean with name 'requestMappingHandlerMapping' defined in class path resource [org/springframework/boot/autoconfigure/web/servlet/WebMvcAutoConfiguration$EnableWebMvcConfiguration.class]: Invocation of init method failed; nested exception is java.lang.IllegalStateException: Ambiguous mapping. Cannot map 'apiController' method 
com.examly.springapp.controller.ApiController#addPlayer(Player)
to {POST [/addPlayer]}: There is already 'playerController' bean method
com.examly.springapp.PlayerController#addPlayer(Map) mapped.
Caused by: java.lang.IllegalStateException: 
Ambiguous mapping. Cannot map 'apiController' method 
com.examly.springapp.controller.ApiController#addPlayer(Player)
to {POST [/addPlayer]}: There is already 'playerController' bean method
com.examly.springapp.PlayerController#addPlayer(Map) mapped.

com.examly.springapp.SpringappApplicationTests.test_Player_Model_Has_playerCity_Field  Time elapsed: 0 s  <<< ERROR!
java.lang.IllegalStateException: Failed to load ApplicationContext
Caused by: org.springframework.beans.factory.BeanCreationException: 
Error creating bean with name 'requestMappingHandlerMapping' defined in class path resource [org/springframework/boot/autoconfigure/web/servlet/WebMvcAutoConfiguration$EnableWebMvcConfiguration.class]: Invocation of init method failed; nested exception is java.lang.IllegalStateException: Ambiguous mapping. Cannot map 'apiController' method 
com.examly.springapp.controller.ApiController#addPlayer(Player)
to {POST [/addPlayer]}: There is already 'playerController' bean method
com.examly.springapp.PlayerController#addPlayer(Map) mapped.
Caused by: java.lang.IllegalStateException: 
Ambiguous mapping. Cannot map 'apiController' method 
com.examly.springapp.controller.ApiController#addPlayer(Player)
to {POST [/addPlayer]}: There is already 'playerController' bean method
com.examly.springapp.PlayerController#addPlayer(Map) mapped.

com.examly.springapp.SpringappApplicationTests.test_Player_Model_Has_phone_Field  Time elapsed: 0 s  <<< ERROR!
java.lang.IllegalStateException: Failed to load ApplicationContext
Caused by: org.springframework.beans.factory.BeanCreationException: 
Error creating bean with name 'requestMappingHandlerMapping' defined in class path resource [org/springframework/boot/autoconfigure/web/servlet/WebMvcAutoConfiguration$EnableWebMvcConfiguration.class]: Invocation of init method failed; nested exception is java.lang.IllegalStateException: Ambiguous mapping. Cannot map 'apiController' method 
com.examly.springapp.controller.ApiController#addPlayer(Player)
to {POST [/addPlayer]}: There is already 'playerController' bean method
com.examly.springapp.PlayerController#addPlayer(Map) mapped.
Caused by: java.lang.IllegalStateException: 
Ambiguous mapping. Cannot map 'apiController' method 
com.examly.springapp.controller.ApiController#addPlayer(Player)
to {POST [/addPlayer]}: There is already 'playerController' bean method
com.examly.springapp.PlayerController#addPlayer(Map) mapped.

com.examly.springapp.SpringappApplicationTests.test_ApiController_File_Exists  Time elapsed: 0 s  <<< ERROR!
java.lang.IllegalStateException: Failed to load ApplicationContext
Caused by: org.springframework.beans.factory.BeanCreationException: 
Error creating bean with name 'requestMappingHandlerMapping' defined in class path resource [org/springframework/boot/autoconfigure/web/servlet/WebMvcAutoConfiguration$EnableWebMvcConfiguration.class]: Invocation of init method failed; nested exception is java.lang.IllegalStateException: Ambiguous mapping. Cannot map 'apiController' method 
com.examly.springapp.controller.ApiController#addPlayer(Player)
to {POST [/addPlayer]}: There is already 'playerController' bean method
com.examly.springapp.PlayerController#addPlayer(Map) mapped.
Caused by: java.lang.IllegalStateException: 
Ambiguous mapping. Cannot map 'apiController' method 
com.examly.springapp.controller.ApiController#addPlayer(Player)
to {POST [/addPlayer]}: There is already 'playerController' bean method
com.examly.springapp.PlayerController#addPlayer(Map) mapped.

com.examly.springapp.SpringappApplicationTests.test_PlayerRepo_Extends_JpaRepository  Time elapsed: 0 s  <<< ERROR!
java.lang.IllegalStateException: Failed to load ApplicationContext
Caused by: org.springframework.beans.factory.BeanCreationException: 
Error creating bean with name 'requestMappingHandlerMapping' defined in class path resource [org/springframework/boot/autoconfigure/web/servlet/WebMvcAutoConfiguration$EnableWebMvcConfiguration.class]: Invocation of init method failed; nested exception is java.lang.IllegalStateException: Ambiguous mapping. Cannot map 'apiController' method 
com.examly.springapp.controller.ApiController#addPlayer(Player)
to {POST [/addPlayer]}: There is already 'playerController' bean method
com.examly.springapp.PlayerController#addPlayer(Map) mapped.
Caused by: java.lang.IllegalStateException: 
Ambiguous mapping. Cannot map 'apiController' method 
com.examly.springapp.controller.ApiController#addPlayer(Player)
to {POST [/addPlayer]}: There is already 'playerController' bean method
com.examly.springapp.PlayerController#addPlayer(Map) mapped.

