-------------------------------------------------------------------------------
Test set: com.examly.springapp.SpringappApplicationTests
-------------------------------------------------------------------------------
Tests run: 1, Failures: 0, Errors: 1, Skipped: 0, Time elapsed: 3.527 s <<< FAILURE! - in com.examly.springapp.SpringappApplicationTests
com.examly.springapp.SpringappApplicationTests.contextLoads  Time elapsed: 0.003 s  <<< ERROR!
java.lang.IllegalStateException: Failed to load ApplicationContext
Caused by: org.springframework.beans.factory.BeanCreationException: 
Error creating bean with name 'requestMappingHandlerMapping' defined in class path resource [org/springframework/boot/autoconfigure/web/servlet/WebMvcAutoConfiguration$EnableWebMvcConfiguration.class]: Invocation of init method failed; nested exception is java.lang.IllegalStateException: Ambiguous mapping. Cannot map 'apiController' method 
com.examly.springapp.controller.ApiController#addPlayer(Player)
to {POST [/addPlayer]}: There is already 'playerController' bean method
com.examly.springapp.PlayerController#addPlayer(Map) mapped.
Caused by: java.lang.IllegalStateException: 
Ambiguous mapping. Cannot map 'apiController' method 
com.examly.springapp.controller.ApiController#addPlayer(Player)
to {POST [/addPlayer]}: There is already 'playerController' bean method
com.examly.springapp.PlayerController#addPlayer(Map) mapped.

com.examly.springapp.SpringappApplicationTests.test_ApiController_File_Exists  Time elapsed: 0 s  <<< ERROR!
java.lang.IllegalStateException: Failed to load ApplicationContext
Caused by: org.springframework.beans.factory.BeanCreationException: 
Error creating bean with name 'requestMappingHandlerMapping' defined in class path resource [org/springframework/boot/autoconfigure/web/servlet/WebMvcAutoConfiguration$EnableWebMvcConfiguration.class]: Invocation of init method failed; nested exception is java.lang.IllegalStateException: Ambiguous mapping. Cannot map 'apiController' method 
com.examly.springapp.controller.ApiController#addPlayer(Player)
to {POST [/addPlayer]}: There is already 'playerController' bean method
com.examly.springapp.PlayerController#addPlayer(Map) mapped.
Caused by: java.lang.IllegalStateException: 
Ambiguous mapping. Cannot map 'apiController' method 
com.examly.springapp.controller.ApiController#addPlayer(Player)
to {POST [/addPlayer]}: There is already 'playerController' bean method
com.examly.springapp.PlayerController#addPlayer(Map) mapped.

com.examly.springapp.SpringappApplicationTests.test_PlayerRepo_Extends_JpaRepository  Time elapsed: 0 s  <<< ERROR!
java.lang.IllegalStateException: Failed to load ApplicationContext
Caused by: org.springframework.beans.factory.BeanCreationException: 
Error creating bean with name 'requestMappingHandlerMapping' defined in class path resource [org/springframework/boot/autoconfigure/web/servlet/WebMvcAutoConfiguration$EnableWebMvcConfiguration.class]: Invocation of init method failed; nested exception is java.lang.IllegalStateException: Ambiguous mapping. Cannot map 'apiController' method 
com.examly.springapp.controller.ApiController#addPlayer(Player)
to {POST [/addPlayer]}: There is already 'playerController' bean method
com.examly.springapp.PlayerController#addPlayer(Map) mapped.
Caused by: java.lang.IllegalStateException: 
Ambiguous mapping. Cannot map 'apiController' method 
com.examly.springapp.controller.ApiController#addPlayer(Player)
to {POST [/addPlayer]}: There is already 'playerController' bean method
com.examly.springapp.PlayerController#addPlayer(Map) mapped.

