<?xml version="1.0" encoding="UTF-8"?>
<testsuite xmlns:xsi="http://www.w3.org/2001/XMLSchema-instance" xsi:noNamespaceSchemaLocation="https://maven.apache.org/surefire/maven-surefire-plugin/xsd/surefire-test-report-3.0.xsd" version="3.0" name="com.examly.springapp.SpringappApplicationTests" time="3.178" tests="23" errors="0" skipped="0" failures="0">
  <properties>
[...]
</properties>
  <testcase name="test_CorsConfiguration_Has_Configuration_Annotation" classname="com.examly.springapp.SpringappApplicationTests" time="0.143">
    <system-out><![CDATA[14:15:06.366 [main] DEBUG org.springframework.test.context.BootstrapUtils - Instantiating CacheAwareContextLoaderDelegate from class [org.springframework.test.context.cache.DefaultCacheAwareContextLoaderDelegate]
14:15:06.372 [main] DEBUG org.springframework.test.context.BootstrapUtils - Instantiating BootstrapContext using constructor [public org.springframework.test.context.support.DefaultBootstrapContext(java.lang.Class,org.springframework.test.context.CacheAwareContextLoaderDelegate)]
14:15:06.399 [main] DEBUG org.springframework.test.context.BootstrapUtils - Instantiating TestContextBootstrapper for test class [com.examly.springapp.SpringappApplicationTests] from class [org.springframework.boot.test.context.SpringBootTestContextBootstrapper]
14:15:06.408 [main] INFO org.springframework.boot.test.context.SpringBootTestContextBootstrapper - Neither @ContextConfiguration nor @ContextHierarchy found for test class [com.examly.springapp.SpringappApplicationTests], using SpringBootContextLoader
14:15:06.411 [main] DEBUG org.springframework.test.context.support.AbstractContextLoader - Did not detect default resource location for test class [com.examly.springapp.SpringappApplicationTests]: class path resource [com/examly/springapp/SpringappApplicationTests-context.xml] does not exist
14:15:06.412 [main] DEBUG org.springframework.test.context.support.AbstractContextLoader - Did not detect default resource location for test class [com.examly.springapp.SpringappApplicationTests]: class path resource [com/examly/springapp/SpringappApplicationTestsContext.groovy] does not exist
14:15:06.412 [main] INFO org.springframework.test.context.support.AbstractContextLoader - Could not detect default resource locations for test class [com.examly.springapp.SpringappApplicationTests]: no resource found for suffixes {-context.xml, Context.groovy}.
14:15:06.456 [main] DEBUG org.springframework.test.context.support.ActiveProfilesUtils - Could not find an 'annotation declaring class' for annotation type [org.springframework.test.context.ActiveProfiles] and class [com.examly.springapp.SpringappApplicationTests]
14:15:06.520 [main] DEBUG org.springframework.boot.test.context.SpringBootTestContextBootstrapper - @TestExecutionListeners is not present for class [com.examly.springapp.SpringappApplicationTests]: using defaults.
14:15:06.521 [main] INFO org.springframework.boot.test.context.SpringBootTestContextBootstrapper - Loaded default TestExecutionListener class names from location [META-INF/spring.factories]: [org.springframework.boot.test.mock.mockito.MockitoTestExecutionListener, org.springframework.boot.test.mock.mockito.ResetMocksTestExecutionListener, org.springframework.boot.test.autoconfigure.restdocs.RestDocsTestExecutionListener, org.springframework.boot.test.autoconfigure.web.client.MockRestServiceServerResetTestExecutionListener, org.springframework.boot.test.autoconfigure.web.servlet.MockMvcPrintOnlyOnFailureTestExecutionListener, org.springframework.boot.test.autoconfigure.web.servlet.WebDriverTestExecutionListener, org.springframework.boot.test.autoconfigure.webservices.client.MockWebServiceServerTestExecutionListener, org.springframework.test.context.web.ServletTestExecutionListener, org.springframework.test.context.support.DirtiesContextBeforeModesTestExecutionListener, org.springframework.test.context.event.ApplicationEventsTestExecutionListener, org.springframework.test.context.support.DependencyInjectionTestExecutionListener, org.springframework.test.context.support.DirtiesContextTestExecutionListener, org.springframework.test.context.transaction.TransactionalTestExecutionListener, org.springframework.test.context.jdbc.SqlScriptsTestExecutionListener, org.springframework.test.context.event.EventPublishingTestExecutionListener]
14:15:06.531 [main] INFO org.springframework.boot.test.context.SpringBootTestContextBootstrapper - Using TestExecutionListeners: [org.springframework.test.context.web.ServletTestExecutionListener@632ceb35, org.springframework.test.context.support.DirtiesContextBeforeModesTestExecutionListener@1c93f6e1, org.springframework.test.context.event.ApplicationEventsTestExecutionListener@1800a575, org.springframework.boot.test.mock.mockito.MockitoTestExecutionListener@1458ed9c, org.springframework.boot.test.autoconfigure.SpringBootDependencyInjectionTestExecutionListener@10a9d961, org.springframework.test.context.support.DirtiesContextTestExecutionListener@130e116b, org.springframework.test.context.transaction.TransactionalTestExecutionListener@e383572, org.springframework.test.context.jdbc.SqlScriptsTestExecutionListener@5ddf0d24, org.springframework.test.context.event.EventPublishingTestExecutionListener@363a52f, org.springframework.boot.test.mock.mockito.ResetMocksTestExecutionListener@60856961, org.springframework.boot.test.autoconfigure.restdocs.RestDocsTestExecutionListener@2fd953a6, org.springframework.boot.test.autoconfigure.web.client.MockRestServiceServerResetTestExecutionListener@a4add54, org.springframework.boot.test.autoconfigure.web.servlet.MockMvcPrintOnlyOnFailureTestExecutionListener@141e5bef, org.springframework.boot.test.autoconfigure.web.servlet.WebDriverTestExecutionListener@5f9be66c, org.springframework.boot.test.autoconfigure.webservices.client.MockWebServiceServerTestExecutionListener@3abada5a]
14:15:06.533 [main] DEBUG org.springframework.test.context.support.AbstractDirtiesContextTestExecutionListener - Before test class: context [DefaultTestContext@4f0100a7 testClass = SpringappApplicationTests, testInstance = [null], testMethod = [null], testException = [null], mergedContextConfiguration = [WebMergedContextConfiguration@3cdf2c61 testClass = SpringappApplicationTests, locations = '{}', classes = '{class com.examly.springapp.SpringappApplication}', contextInitializerClasses = '[]', activeProfiles = '{}', propertySourceLocations = '{}', propertySourceProperties = '{org.springframework.boot.test.context.SpringBootTestContextBootstrapper=true}', contextCustomizers = set[[ImportsContextCustomizer@13ad5cd3 key = [org.springframework.boot.test.autoconfigure.web.servlet.MockMvcAutoConfiguration, org.springframework.boot.test.autoconfigure.web.servlet.MockMvcWebClientAutoConfiguration, org.springframework.boot.test.autoconfigure.web.servlet.MockMvcWebDriverAutoConfiguration, org.springframework.boot.autoconfigure.security.oauth2.client.servlet.OAuth2ClientAutoConfiguration, org.springframework.boot.autoconfigure.security.oauth2.resource.servlet.OAuth2ResourceServerAutoConfiguration, org.springframework.boot.autoconfigure.security.servlet.SecurityAutoConfiguration, org.springframework.boot.autoconfigure.security.servlet.SecurityFilterAutoConfiguration, org.springframework.boot.autoconfigure.security.servlet.UserDetailsServiceAutoConfiguration, org.springframework.boot.test.autoconfigure.web.servlet.MockMvcSecurityConfiguration, org.springframework.boot.test.autoconfigure.web.reactive.WebTestClientAutoConfiguration]], org.springframework.boot.test.context.filter.ExcludeFilterContextCustomizer@5f049ea1, org.springframework.boot.test.json.DuplicateJsonObjectContextCustomizerFactory$DuplicateJsonObjectContextCustomizer@18271936, org.springframework.boot.test.mock.mockito.MockitoContextCustomizer@0, org.springframework.boot.test.web.client.TestRestTemplateContextCustomizer@cecf639, org.springframework.boot.test.autoconfigure.actuate.metrics.MetricsExportContextCustomizerFactory$DisableMetricExportContextCustomizer@6440112d, org.springframework.boot.test.autoconfigure.properties.PropertyMappingContextCustomizer@4b3fa0b3, org.springframework.boot.test.autoconfigure.web.servlet.WebDriverContextCustomizerFactory$Customizer@359df09a, org.springframework.boot.test.context.SpringBootTestArgs@1, org.springframework.boot.test.context.SpringBootTestWebEnvironment@4cf4d528], resourceBasePath = 'src/main/webapp', contextLoader = 'org.springframework.boot.test.context.SpringBootContextLoader', parent = [null]], attributes = map['org.springframework.test.context.web.ServletTestExecutionListener.activateListener' -> true]], class annotated with @DirtiesContext [false] with mode [null].

  .   ____          _            __ _ _
 /\\ / ___'_ __ _ _(_)_ __  __ _ \ \ \ \
( ( )\___ | '_ | '_| | '_ \/ _` | \ \ \ \
 \\/  ___)| |_)| | | | | || (_| |  ) ) ) )
  '  |____| .__|_| |_|_| |_\__, | / / / /
 =========|_|==============|___/=/_/_/_/
 :: Spring Boot ::               (v2.7.14)

2025-08-23 14:15:06.738  INFO 1319 --- [           main] c.e.springapp.SpringappApplicationTests  : Starting SpringappApplicationTests using Java 17.0.15 on effdaaabdbbdfdccaeedcbfddebbacbbcefccfc-0 with PID 1319 (started by coder in /home/coder/project/workspace/springapp)
2025-08-23 14:15:06.739  INFO 1319 --- [           main] c.e.springapp.SpringappApplicationTests  : No active profile set, falling back to 1 default profile: "default"
2025-08-23 14:15:07.149  INFO 1319 --- [           main] .s.d.r.c.RepositoryConfigurationDelegate : Bootstrapping Spring Data JPA repositories in DEFAULT mode.
2025-08-23 14:15:07.187  INFO 1319 --- [           main] .s.d.r.c.RepositoryConfigurationDelegate : Finished Spring Data repository scanning in 32 ms. Found 1 JPA repository interfaces.
2025-08-23 14:15:07.568  INFO 1319 --- [           main] o.hibernate.jpa.internal.util.LogHelper  : HHH000204: Processing PersistenceUnitInfo [name: default]
2025-08-23 14:15:07.595  INFO 1319 --- [           main] org.hibernate.Version                    : HHH000412: Hibernate ORM core version 5.6.15.Final
2025-08-23 14:15:07.702  INFO 1319 --- [           main] o.hibernate.annotations.common.Version   : HCANN000001: Hibernate Commons Annotations {5.1.2.Final}
2025-08-23 14:15:07.768  INFO 1319 --- [           main] com.zaxxer.hikari.HikariDataSource       : HikariPool-1 - Starting...
2025-08-23 14:15:07.905  INFO 1319 --- [           main] com.zaxxer.hikari.HikariDataSource       : HikariPool-1 - Start completed.
2025-08-23 14:15:07.914  INFO 1319 --- [           main] org.hibernate.dialect.Dialect            : HHH000400: Using dialect: org.hibernate.dialect.MySQL8Dialect
Hibernate: drop table if exists player
Hibernate: create table player (player_id bigint not null auto_increment, last_played_for varchar(255), phone varchar(255), played_in varchar(255), player_city varchar(255), player_name varchar(255), player_type varchar(255), primary key (player_id)) engine=InnoDB
2025-08-23 14:15:08.369  INFO 1319 --- [           main] o.h.e.t.j.p.i.JtaPlatformInitiator       : HHH000490: Using JtaPlatform implementation: [org.hibernate.engine.transaction.jta.platform.internal.NoJtaPlatform]
2025-08-23 14:15:08.375  INFO 1319 --- [           main] j.LocalContainerEntityManagerFactoryBean : Initialized JPA EntityManagerFactory for persistence unit 'default'
2025-08-23 14:15:08.684  WARN 1319 --- [           main] JpaBaseConfiguration$JpaWebConfiguration : spring.jpa.open-in-view is enabled by default. Therefore, database queries may be performed during view rendering. Explicitly configure spring.jpa.open-in-view to disable this warning
2025-08-23 14:15:09.035  INFO 1319 --- [           main] o.s.b.t.m.w.SpringBootMockServletContext : Initializing Spring TestDispatcherServlet ''
2025-08-23 14:15:09.035  INFO 1319 --- [           main] o.s.t.web.servlet.TestDispatcherServlet  : Initializing Servlet ''
2025-08-23 14:15:09.035  INFO 1319 --- [           main] o.s.t.web.servlet.TestDispatcherServlet  : Completed initialization in 0 ms
2025-08-23 14:15:09.050  INFO 1319 --- [           main] c.e.springapp.SpringappApplicationTests  : Started SpringappApplicationTests in 2.493 seconds (JVM running for 3.114)
]]></system-out>
  </testcase>
  <testcase name="test_Repository_Folder_Exists" classname="com.examly.springapp.SpringappApplicationTests" time="0.002"/>
  <testcase name="test_PlayerModel_Class_Exists" classname="com.examly.springapp.SpringappApplicationTests" time="0.001"/>
  <testcase name="test_Service_Folder_Exists" classname="com.examly.springapp.SpringappApplicationTests" time="0.002"/>
  <testcase name="testaddPlayer" classname="com.examly.springapp.SpringappApplicationTests" time="0.13">
    <system-out><![CDATA[Hibernate: insert into player (last_played_for, phone, played_in, player_city, player_name, player_type) values (?, ?, ?, ?, ?, ?)
]]></system-out>
  </testcase>
  <testcase name="test_Player_File_Exists" classname="com.examly.springapp.SpringappApplicationTests" time="0.002"/>
  <testcase name="test_ApiController_Class_Exists" classname="com.examly.springapp.SpringappApplicationTests" time="0.002"/>
  <testcase name="test_PlayerService_Class_Exists" classname="com.examly.springapp.SpringappApplicationTests" time="0.002"/>
  <testcase name="test_Player_Model_Has_playerType_Field" classname="com.examly.springapp.SpringappApplicationTests" time="0.001"/>
  <testcase name="test_configuration_Folder_Exists" classname="com.examly.springapp.SpringappApplicationTests" time="0.001"/>
  <testcase name="test_CorsConfiguration_Class_Exists" classname="com.examly.springapp.SpringappApplicationTests" time="0.001"/>
  <testcase name="testgetAllPlayer" classname="com.examly.springapp.SpringappApplicationTests" time="0.1">
    <system-out><![CDATA[Hibernate: select player0_.player_id as player_i1_0_, player0_.last_played_for as last_pla2_0_, player0_.phone as phone3_0_, player0_.played_in as played_i4_0_, player0_.player_city as player_c5_0_, player0_.player_name as player_n6_0_, player0_.player_type as player_t7_0_ from player player0_

MockHttpServletRequest:
      HTTP Method = GET
      Request URI = /getAllPlayer
       Parameters = {}
          Headers = [Accept:"application/json"]
             Body = null
    Session Attrs = {}

Handler:
             Type = com.examly.springapp.controller.ApiController
           Method = com.examly.springapp.controller.ApiController#getAllPlayer()

Async:
    Async started = false
     Async result = null

Resolved Exception:
             Type = null

ModelAndView:
        View name = null
             View = null
            Model = null

FlashMap:
       Attributes = null

MockHttpServletResponse:
           Status = 200
    Error message = null
          Headers = [Vary:"Origin", "Access-Control-Request-Method", "Access-Control-Request-Headers", Content-Type:"application/json"]
     Content type = application/json
             Body = [{"playerId":1,"playerName":"demoname","playerCity":"democity","phone":"9876543211","playedIn":"Democricket","playerType":"Demobatsman","lastPlayedFor":"Demoteam"}]
    Forwarded URL = null
   Redirected URL = null
          Cookies = []
]]></system-out>
  </testcase>
  <testcase name="test_model_Directory_Exists" classname="com.examly.springapp.SpringappApplicationTests" time="0.003"/>
  <testcase name="test_Player_Model_Has_playerName_Field" classname="com.examly.springapp.SpringappApplicationTests" time="0.001"/>
  <testcase name="test_Player_Model_Has_playedIn_Field" classname="com.examly.springapp.SpringappApplicationTests" time="0.002"/>
  <testcase name="test_Player_Model_Has_lastPlayedFor_Field" classname="com.examly.springapp.SpringappApplicationTests" time="0.001"/>
  <testcase name="test_Player_Model_Has_playerId_Field" classname="com.examly.springapp.SpringappApplicationTests" time="0.001"/>
  <testcase name="test_Controller_Directory_Exists" classname="com.examly.springapp.SpringappApplicationTests" time="0.002"/>
  <testcase name="test_PlayerRepo_Class_Exists" classname="com.examly.springapp.SpringappApplicationTests" time="0.002"/>
  <testcase name="test_Player_Model_Has_playerCity_Field" classname="com.examly.springapp.SpringappApplicationTests" time="0.001"/>
  <testcase name="test_Player_Model_Has_phone_Field" classname="com.examly.springapp.SpringappApplicationTests" time="0.001"/>
  <testcase name="test_ApiController_File_Exists" classname="com.examly.springapp.SpringappApplicationTests" time="0.002"/>
  <testcase name="test_PlayerRepo_Extends_JpaRepository" classname="com.examly.springapp.SpringappApplicationTests" time="0.001"/>
</testsuite>